<?xml version="1.0" encoding="UTF-8"?>
<!-- Generated by org.testng.reporters.JUnitXMLReporter -->
<testsuite ignored="0" hostname="DESKTOP-BMK3LDR" failures="1" tests="2" name="Test" time="77.388" errors="0" timestamp="2026-01-27T19:15:31 IST">
  <testcase classname="AutomationClasses.AboutPage" name="validateHomePage" time="28.755">
    <failure type="org.openqa.selenium.ElementClickInterceptedException" message="Element &amp;lt;a class=&amp;quot;w-nav-anchor level_1&amp;quot; href=&amp;quot;https://www.yessinfotech.com/about-us/&amp;quot;&amp;gt; is not clickable at point (211,122) because another element &amp;lt;div id=&amp;quot;pum-1581&amp;quot; class=&amp;quot;pum pum-overlay pum-theme-9 pum-theme-enterprise-blue popmake-overlay auto_open click_open pum-active&amp;quot;&amp;gt; obscures it
Build info: version: &amp;apos;4.40.0&amp;apos;, revision: &amp;apos;b3333f1&amp;apos;
System info: os.name: &amp;apos;Windows 11&amp;apos;, os.arch: &amp;apos;amd64&amp;apos;, os.version: &amp;apos;10.0&amp;apos;, java.version: &amp;apos;21.0.8&amp;apos;
Driver info: org.openqa.selenium.firefox.FirefoxDriver
Command: [305fd32c-6d78-400d-9f00-4ace9700c589, clickElement {id=3be16149-0ee7-45fd-ae13-8135b65e61ad}]
Capabilities {acceptInsecureCerts: true, browserName: firefox, browserVersion: 147.0.1, moz:accessibilityChecks: false, moz:buildID: 20260116091309, moz:geckodriverVersion: 0.36.0, moz:headless: false, moz:platformVersion: 10.0, moz:processID: 22828, moz:profile: C:\Users\lenovo\AppData\Loc..., moz:shutdownTimeout: 60000, moz:webdriverClick: true, moz:windowless: false, pageLoadStrategy: normal, platformName: windows, proxy: Proxy(), setWindowRect: true, strictFileInteractability: false, timeouts: {implicit: 0, pageLoad: 300000, script: 30000}, unhandledPromptBehavior: dismiss and notify, userAgent: Mozilla/5.0 (Windows NT 10....}
Element: [[FirefoxDriver: firefox on windows (305fd32c-6d78-400d-9f00-4ace9700c589)] -&amp;gt; link text: About Us]
Session ID: 305fd32c-6d78-400d-9f00-4ace9700c589">
      <![CDATA[org.openqa.selenium.ElementClickInterceptedException: Element <a class="w-nav-anchor level_1" href="https://www.yessinfotech.com/about-us/"> is not clickable at point (211,122) because another element <div id="pum-1581" class="pum pum-overlay pum-theme-9 pum-theme-enterprise-blue popmake-overlay auto_open click_open pum-active"> obscures it
Build info: version: '4.40.0', revision: 'b3333f1'
System info: os.name: 'Windows 11', os.arch: 'amd64', os.version: '10.0', java.version: '21.0.8'
Driver info: org.openqa.selenium.firefox.FirefoxDriver
Command: [305fd32c-6d78-400d-9f00-4ace9700c589, clickElement {id=3be16149-0ee7-45fd-ae13-8135b65e61ad}]
Capabilities {acceptInsecureCerts: true, browserName: firefox, browserVersion: 147.0.1, moz:accessibilityChecks: false, moz:buildID: 20260116091309, moz:geckodriverVersion: 0.36.0, moz:headless: false, moz:platformVersion: 10.0, moz:processID: 22828, moz:profile: C:\Users\lenovo\AppData\Loc..., moz:shutdownTimeout: 60000, moz:webdriverClick: true, moz:windowless: false, pageLoadStrategy: normal, platformName: windows, proxy: Proxy(), setWindowRect: true, strictFileInteractability: false, timeouts: {implicit: 0, pageLoad: 300000, script: 30000}, unhandledPromptBehavior: dismiss and notify, userAgent: Mozilla/5.0 (Windows NT 10....}
Element: [[FirefoxDriver: firefox on windows (305fd32c-6d78-400d-9f00-4ace9700c589)] -> link text: About Us]
Session ID: 305fd32c-6d78-400d-9f00-4ace9700c589
at org.openqa.selenium.remote.ErrorCodec.decode(ErrorCodec.java:169)
at org.openqa.selenium.remote.codec.w3c.W3CHttpResponseCodec.decode(W3CHttpResponseCodec.java:142)
at org.openqa.selenium.remote.codec.w3c.W3CHttpResponseCodec.decode(W3CHttpResponseCodec.java:49)
at org.openqa.selenium.remote.HttpCommandExecutor.execute(HttpCommandExecutor.java:223)
at org.openqa.selenium.remote.service.DriverCommandExecutor.invokeExecute(DriverCommandExecutor.java:216)
at org.openqa.selenium.remote.service.DriverCommandExecutor.execute(DriverCommandExecutor.java:174)
at org.openqa.selenium.remote.RemoteWebDriver.execute(RemoteWebDriver.java:601)
at org.openqa.selenium.remote.RemoteWebElement.execute(RemoteWebElement.java:223)
at org.openqa.selenium.remote.RemoteWebElement.click(RemoteWebElement.java:76)
at AutomationClasses.AboutPage.validateHomePage(AboutPage.java:18)
at java.base/java.util.ArrayList.forEach(ArrayList.java:1596)
... Removed 25 stack frames]]>
    </failure>
  </testcase> <!-- validateHomePage -->
  <testcase classname="AutomationClasses.HomePage" name="validateHomePage" time="48.527"/>
</testsuite> <!-- Test -->
