<?xml version="1.0" encoding="UTF-8"?>
<testng-results ignored="0" total="2" passed="1" failed="1" skipped="0">
  <reporter-output>
  </reporter-output>
  <suite started-at="2026-01-27T19:14:14 IST" name="Suite" finished-at="2026-01-27T19:15:31 IST" duration-ms="77388">
    <groups>
    </groups>
    <test started-at="2026-01-27T19:14:14 IST" name="Test" finished-at="2026-01-27T19:15:31 IST" duration-ms="77388">
      <class name="AutomationClasses.AboutPage">
        <test-method signature="validateHomePage()[pri:0, instance:AutomationClasses.AboutPage@34a3d150]" started-at="2026-01-27T19:14:14 IST" name="validateHomePage" finished-at="2026-01-27T19:14:42 IST" duration-ms="28755" status="FAIL">
          <exception class="org.openqa.selenium.ElementClickInterceptedException">
            <message>
              <![CDATA[Element <a class="w-nav-anchor level_1" href="https://www.yessinfotech.com/about-us/"> is not clickable at point (211,122) because another element <div id="pum-1581" class="pum pum-overlay pum-theme-9 pum-theme-enterprise-blue popmake-overlay auto_open click_open pum-active"> obscures it
Build info: version: '4.40.0', revision: 'b3333f1'
System info: os.name: 'Windows 11', os.arch: 'amd64', os.version: '10.0', java.version: '21.0.8'
Driver info: org.openqa.selenium.firefox.FirefoxDriver
Command: [305fd32c-6d78-400d-9f00-4ace9700c589, clickElement {id=3be16149-0ee7-45fd-ae13-8135b65e61ad}]
Capabilities {acceptInsecureCerts: true, browserName: firefox, browserVersion: 147.0.1, moz:accessibilityChecks: false, moz:buildID: 20260116091309, moz:geckodriverVersion: 0.36.0, moz:headless: false, moz:platformVersion: 10.0, moz:processID: 22828, moz:profile: C:\Users\lenovo\AppData\Loc..., moz:shutdownTimeout: 60000, moz:webdriverClick: true, moz:windowless: false, pageLoadStrategy: normal, platformName: windows, proxy: Proxy(), setWindowRect: true, strictFileInteractability: false, timeouts: {implicit: 0, pageLoad: 300000, script: 30000}, unhandledPromptBehavior: dismiss and notify, userAgent: Mozilla/5.0 (Windows NT 10....}
Element: [[FirefoxDriver: firefox on windows (305fd32c-6d78-400d-9f00-4ace9700c589)] -> link text: About Us]
Session ID: 305fd32c-6d78-400d-9f00-4ace9700c589]]>
            </message>
            <full-stacktrace>
              <![CDATA[org.openqa.selenium.ElementClickInterceptedException: Element <a class="w-nav-anchor level_1" href="https://www.yessinfotech.com/about-us/"> is not clickable at point (211,122) because another element <div id="pum-1581" class="pum pum-overlay pum-theme-9 pum-theme-enterprise-blue popmake-overlay auto_open click_open pum-active"> obscures it
Build info: version: '4.40.0', revision: 'b3333f1'
System info: os.name: 'Windows 11', os.arch: 'amd64', os.version: '10.0', java.version: '21.0.8'
Driver info: org.openqa.selenium.firefox.FirefoxDriver
Command: [305fd32c-6d78-400d-9f00-4ace9700c589, clickElement {id=3be16149-0ee7-45fd-ae13-8135b65e61ad}]
Capabilities {acceptInsecureCerts: true, browserName: firefox, browserVersion: 147.0.1, moz:accessibilityChecks: false, moz:buildID: 20260116091309, moz:geckodriverVersion: 0.36.0, moz:headless: false, moz:platformVersion: 10.0, moz:processID: 22828, moz:profile: C:\Users\lenovo\AppData\Loc..., moz:shutdownTimeout: 60000, moz:webdriverClick: true, moz:windowless: false, pageLoadStrategy: normal, platformName: windows, proxy: Proxy(), setWindowRect: true, strictFileInteractability: false, timeouts: {implicit: 0, pageLoad: 300000, script: 30000}, unhandledPromptBehavior: dismiss and notify, userAgent: Mozilla/5.0 (Windows NT 10....}
Element: [[FirefoxDriver: firefox on windows (305fd32c-6d78-400d-9f00-4ace9700c589)] -> link text: About Us]
Session ID: 305fd32c-6d78-400d-9f00-4ace9700c589
at org.openqa.selenium.remote.ErrorCodec.decode(ErrorCodec.java:169)
at org.openqa.selenium.remote.codec.w3c.W3CHttpResponseCodec.decode(W3CHttpResponseCodec.java:142)
at org.openqa.selenium.remote.codec.w3c.W3CHttpResponseCodec.decode(W3CHttpResponseCodec.java:49)
at org.openqa.selenium.remote.HttpCommandExecutor.execute(HttpCommandExecutor.java:223)
at org.openqa.selenium.remote.service.DriverCommandExecutor.invokeExecute(DriverCommandExecutor.java:216)
at org.openqa.selenium.remote.service.DriverCommandExecutor.execute(DriverCommandExecutor.java:174)
at org.openqa.selenium.remote.RemoteWebDriver.execute(RemoteWebDriver.java:601)
at org.openqa.selenium.remote.RemoteWebElement.execute(RemoteWebElement.java:223)
at org.openqa.selenium.remote.RemoteWebElement.click(RemoteWebElement.java:76)
at AutomationClasses.AboutPage.validateHomePage(AboutPage.java:18)
at java.base/jdk.internal.reflect.DirectMethodHandleAccessor.invoke(DirectMethodHandleAccessor.java:103)
at java.base/java.lang.reflect.Method.invoke(Method.java:580)
at org.testng.internal.invokers.MethodInvocationHelper.invokeMethod(MethodInvocationHelper.java:141)
at org.testng.internal.invokers.TestInvoker.invokeMethod(TestInvoker.java:687)
at org.testng.internal.invokers.TestInvoker.invokeTestMethod(TestInvoker.java:230)
at org.testng.internal.invokers.MethodRunner.runInSequence(MethodRunner.java:63)
at org.testng.internal.invokers.TestInvoker$MethodInvocationAgent.invoke(TestInvoker.java:995)
at org.testng.internal.invokers.TestInvoker.invokeTestMethods(TestInvoker.java:203)
at org.testng.internal.invokers.TestMethodWorker.invokeTestMethods(TestMethodWorker.java:154)
at org.testng.internal.invokers.TestMethodWorker.run(TestMethodWorker.java:134)
at java.base/java.util.ArrayList.forEach(ArrayList.java:1596)
at org.testng.TestRunner.privateRun(TestRunner.java:741)
at org.testng.TestRunner.run(TestRunner.java:616)
at org.testng.SuiteRunner.runTest(SuiteRunner.java:421)
at org.testng.SuiteRunner.runSequentially(SuiteRunner.java:413)
at org.testng.SuiteRunner.privateRun(SuiteRunner.java:373)
at org.testng.SuiteRunner.run(SuiteRunner.java:312)
at org.testng.SuiteRunnerWorker.runSuite(SuiteRunnerWorker.java:52)
at org.testng.SuiteRunnerWorker.run(SuiteRunnerWorker.java:95)
at org.testng.TestNG.runSuitesSequentially(TestNG.java:1274)
at org.testng.TestNG.runSuitesLocally(TestNG.java:1208)
at org.testng.TestNG.runSuites(TestNG.java:1112)
at org.testng.TestNG.run(TestNG.java:1079)
at org.testng.remote.AbstractRemoteTestNG.run(AbstractRemoteTestNG.java:115)
at org.testng.remote.RemoteTestNG.initAndRun(RemoteTestNG.java:293)
at org.testng.remote.RemoteTestNG.main(RemoteTestNG.java:91)
]]>
            </full-stacktrace>
          </exception> <!-- org.openqa.selenium.ElementClickInterceptedException -->
          <reporter-output>
          </reporter-output>
        </test-method> <!-- validateHomePage -->
      </class> <!-- AutomationClasses.AboutPage -->
      <class name="AutomationClasses.HomePage">
        <test-method signature="validateHomePage()[pri:0, instance:AutomationClasses.HomePage@4d5d943d]" started-at="2026-01-27T19:14:43 IST" name="validateHomePage" finished-at="2026-01-27T19:15:31 IST" duration-ms="48527" status="PASS">
          <reporter-output>
          </reporter-output>
        </test-method> <!-- validateHomePage -->
      </class> <!-- AutomationClasses.HomePage -->
    </test> <!-- Test -->
  </suite> <!-- Suite -->
</testng-results>
